2022-10-31 20:07:19.282  INFO 19100 --- [restartedMain] c.e.tacocloud.TacoCloudApplication       : Starting TacoCloudApplication using Java 17.0.4.1 on MSI with PID 19100 (C:\TacoCloud\target\classes started by sagar in C:\TacoCloud)
2022-10-31 20:07:19.285  INFO 19100 --- [restartedMain] c.e.tacocloud.TacoCloudApplication       : The following 1 profile is active: "dev"
2022-10-31 20:07:19.316  INFO 19100 --- [restartedMain] .e.DevToolsPropertyDefaultsPostProcessor : Devtools property defaults active! Set 'spring.devtools.add-properties' to 'false' to disable
2022-10-31 20:07:19.316  INFO 19100 --- [restartedMain] .e.DevToolsPropertyDefaultsPostProcessor : For additional web related logging consider setting the 'logging.level.web' property to 'DEBUG'
2022-10-31 20:07:19.816  INFO 19100 --- [restartedMain] .s.d.r.c.RepositoryConfigurationDelegate : Bootstrapping Spring Data JPA repositories in DEFAULT mode.
2022-10-31 20:07:19.859  INFO 19100 --- [restartedMain] .s.d.r.c.RepositoryConfigurationDelegate : Finished Spring Data repository scanning in 36 ms. Found 4 JPA repository interfaces.
2022-10-31 20:07:20.320  INFO 19100 --- [restartedMain] o.s.b.w.embedded.tomcat.TomcatWebServer  : Tomcat initialized with port(s): 8090 (http)
2022-10-31 20:07:20.325  INFO 19100 --- [restartedMain] o.apache.catalina.core.StandardService   : Starting service [Tomcat]
2022-10-31 20:07:20.325  INFO 19100 --- [restartedMain] org.apache.catalina.core.StandardEngine  : Starting Servlet engine: [Apache Tomcat/9.0.65]
2022-10-31 20:07:20.387  INFO 19100 --- [restartedMain] o.a.c.c.C.[Tomcat].[localhost].[/]       : Initializing Spring embedded WebApplicationContext
2022-10-31 20:07:20.388  INFO 19100 --- [restartedMain] w.s.c.ServletWebServerApplicationContext : Root WebApplicationContext: initialization completed in 1072 ms
2022-10-31 20:07:20.499  INFO 19100 --- [restartedMain] com.zaxxer.hikari.HikariDataSource       : HikariPool-1 - Starting...
2022-10-31 20:07:20.655  INFO 19100 --- [restartedMain] com.zaxxer.hikari.HikariDataSource       : HikariPool-1 - Start completed.
2022-10-31 20:07:20.716  INFO 19100 --- [restartedMain] o.hibernate.jpa.internal.util.LogHelper  : HHH000204: Processing PersistenceUnitInfo [name: default]
2022-10-31 20:07:20.760  INFO 19100 --- [restartedMain] org.hibernate.Version                    : HHH000412: Hibernate ORM core version 5.6.10.Final
2022-10-31 20:07:20.864  INFO 19100 --- [restartedMain] o.hibernate.annotations.common.Version   : HCANN000001: Hibernate Commons Annotations {5.1.2.Final}
2022-10-31 20:07:20.953  INFO 19100 --- [restartedMain] org.hibernate.dialect.Dialect            : HHH000400: Using dialect: org.hibernate.dialect.PostgreSQLDialect
2022-10-31 20:07:21.569  INFO 19100 --- [restartedMain] o.h.e.t.j.p.i.JtaPlatformInitiator       : HHH000490: Using JtaPlatform implementation: [org.hibernate.engine.transaction.jta.platform.internal.NoJtaPlatform]
2022-10-31 20:07:21.576  INFO 19100 --- [restartedMain] j.LocalContainerEntityManagerFactoryBean : Initialized JPA EntityManagerFactory for persistence unit 'default'
2022-10-31 20:07:22.144  INFO 19100 --- [restartedMain] o.s.s.web.DefaultSecurityFilterChain     : Will secure any request with [org.springframework.security.web.session.DisableEncodeUrlFilter@488a9cf1, org.springframework.security.web.context.request.async.WebAsyncManagerIntegrationFilter@b659276, org.springframework.security.web.context.SecurityContextPersistenceFilter@6c3766b4, org.springframework.security.web.header.HeaderWriterFilter@83d4d9, org.springframework.security.web.authentication.logout.LogoutFilter@2dccbc9f, org.springframework.security.web.authentication.UsernamePasswordAuthenticationFilter@1858afad, org.springframework.security.web.authentication.ui.DefaultLoginPageGeneratingFilter@531703c3, org.springframework.security.web.authentication.ui.DefaultLogoutPageGeneratingFilter@7785bf86, org.springframework.security.oauth2.server.resource.web.BearerTokenAuthenticationFilter@49b153ad, org.springframework.security.web.savedrequest.RequestCacheAwareFilter@46a3937c, org.springframework.security.web.servletapi.SecurityContextHolderAwareRequestFilter@11764fda, org.springframework.security.web.authentication.AnonymousAuthenticationFilter@28109e0f, org.springframework.security.web.session.SessionManagementFilter@6de73856, org.springframework.security.web.access.ExceptionTranslationFilter@146bb5cc, org.springframework.security.web.access.intercept.FilterSecurityInterceptor@736c4296]
2022-10-31 20:07:22.180  WARN 19100 --- [restartedMain] JpaBaseConfiguration$JpaWebConfiguration : spring.jpa.open-in-view is enabled by default. Therefore, database queries may be performed during view rendering. Explicitly configure spring.jpa.open-in-view to disable this warning
2022-10-31 20:07:22.768  INFO 19100 --- [restartedMain] o.s.b.d.a.OptionalLiveReloadServer       : LiveReload server is running on port 35729
2022-10-31 20:07:22.795  INFO 19100 --- [restartedMain] o.s.b.w.embedded.tomcat.TomcatWebServer  : Tomcat started on port(s): 8090 (http) with context path ''
2022-10-31 20:07:22.803  INFO 19100 --- [restartedMain] c.e.tacocloud.TacoCloudApplication       : Started TacoCloudApplication in 3.804 seconds (JVM running for 4.303)
2022-10-31 20:08:46.449  INFO 19100 --- [http-nio-8090-exec-1] o.a.c.c.C.[Tomcat].[localhost].[/]       : Initializing Spring DispatcherServlet 'dispatcherServlet'
2022-10-31 20:08:46.449  INFO 19100 --- [http-nio-8090-exec-1] o.s.web.servlet.DispatcherServlet        : Initializing Servlet 'dispatcherServlet'
2022-10-31 20:08:46.450  INFO 19100 --- [http-nio-8090-exec-1] o.s.web.servlet.DispatcherServlet        : Completed initialization in 1 ms
2022-10-31 20:35:50.941  WARN 19100 --- [HikariPool-1 housekeeper] com.zaxxer.hikari.pool.HikariPool        : HikariPool-1 - Thread starvation or clock leap detected (housekeeper delta=15m29s956ms769µs901ns).
2022-10-31 20:59:17.263  INFO 19100 --- [SpringApplicationShutdownHook] j.LocalContainerEntityManagerFactoryBean : Closing JPA EntityManagerFactory for persistence unit 'default'
2022-10-31 20:59:17.265  INFO 19100 --- [SpringApplicationShutdownHook] com.zaxxer.hikari.HikariDataSource       : HikariPool-1 - Shutdown initiated...
2022-10-31 20:59:17.268  INFO 19100 --- [SpringApplicationShutdownHook] com.zaxxer.hikari.HikariDataSource       : HikariPool-1 - Shutdown completed.
